<?xml version="1.0" encoding="UTF-8"?>
<testsuite xmlns:xsi="http://www.w3.org/2001/XMLSchema-instance" xsi:noNamespaceSchemaLocation="https://maven.apache.org/surefire/maven-surefire-plugin/xsd/surefire-test-report.xsd" version="3.0.2" name="com.cognizant.account.AccountApplicationTests" time="4.652" tests="1" errors="0" skipped="0" failures="0">
  <properties>
[...]
</properties>
  <testcase name="contextLoads" classname="com.cognizant.account.AccountApplicationTests" time="0.645">
    <system-out><![CDATA[13:28:36.675 [main] INFO org.springframework.test.context.support.AnnotationConfigContextLoaderUtils -- Could not detect default configuration classes for test class [com.cognizant.account.AccountApplicationTests]: AccountApplicationTests does not declare any static, non-private, non-final, nested classes annotated with @Configuration.
13:28:36.827 [main] INFO org.springframework.boot.test.context.SpringBootTestContextBootstrapper -- Found @SpringBootConfiguration com.cognizant.account.AccountApplication for test class com.cognizant.account.AccountApplicationTests
13:28:37.216 [main] INFO org.springframework.boot.devtools.restart.RestartApplicationListener -- Restart disabled due to context in which it is running

  .   ____          _            __ _ _
 /\\ / ___'_ __ _ _(_)_ __  __ _ \ \ \ \
( ( )\___ | '_ | '_| | '_ \/ _` | \ \ \ \
 \\/  ___)| |_)| | | | | || (_| |  ) ) ) )
  '  |____| .__|_| |_|_| |_\__, | / / / /
 =========|_|==============|___/=/_/_/_/

 :: Spring Boot ::                (v3.5.3)

2025-07-17T13:28:37.675+05:30  INFO 16096 --- [account] [           main] c.c.account.AccountApplicationTests      : Starting AccountApplicationTests using Java 24.0.1 with PID 16096 (started by kmoha in C:\Users\kmoha\Desktop\cognizant_deepskill\Week5_MicroservicesWithSpringBoot\MicroServiceCompositeHandsOn\CreateEurekaDiscoveryServerRegisterHandsOn\microservice\account\account)
2025-07-17T13:28:37.678+05:30  INFO 16096 --- [account] [           main] c.c.account.AccountApplicationTests      : No active profile set, falling back to 1 default profile: "default"
2025-07-17T13:28:38.663+05:30  INFO 16096 --- [account] [           main] o.s.cloud.context.scope.GenericScope     : BeanFactory id=44eb4595-cda1-3950-b975-bd883bcceea0
2025-07-17T13:28:39.784+05:30  INFO 16096 --- [account] [           main] DiscoveryClientOptionalArgsConfiguration : Eureka HTTP Client uses RestTemplate.
2025-07-17T13:28:39.829+05:30  WARN 16096 --- [account] [           main] iguration$LoadBalancerCaffeineWarnLogger : Spring Cloud LoadBalancer is currently working with the default cache. While this cache implementation is useful for development and tests, it's recommended to use Caffeine cache in production.You can switch to using Caffeine cache, by adding it and org.springframework.cache.caffeine.CaffeineCacheManager to the classpath.
2025-07-17T13:28:39.860+05:30  INFO 16096 --- [account] [           main] o.s.c.n.eureka.InstanceInfoFactory       : Setting initial instance status as: STARTING
2025-07-17T13:28:39.894+05:30  INFO 16096 --- [account] [           main] com.netflix.discovery.DiscoveryClient    : Initializing Eureka in region us-east-1
2025-07-17T13:28:39.900+05:30  INFO 16096 --- [account] [           main] c.n.d.s.r.aws.ConfigClusterResolver      : Resolving eureka endpoints via configuration
2025-07-17T13:28:39.910+05:30  INFO 16096 --- [account] [           main] com.netflix.discovery.DiscoveryClient    : Disable delta property : false
2025-07-17T13:28:39.910+05:30  INFO 16096 --- [account] [           main] com.netflix.discovery.DiscoveryClient    : Single vip registry refresh property : null
2025-07-17T13:28:39.910+05:30  INFO 16096 --- [account] [           main] com.netflix.discovery.DiscoveryClient    : Force full registry fetch : false
2025-07-17T13:28:39.910+05:30  INFO 16096 --- [account] [           main] com.netflix.discovery.DiscoveryClient    : Application is null : false
2025-07-17T13:28:39.910+05:30  INFO 16096 --- [account] [           main] com.netflix.discovery.DiscoveryClient    : Registered Applications size is zero : true
2025-07-17T13:28:39.910+05:30  INFO 16096 --- [account] [           main] com.netflix.discovery.DiscoveryClient    : Application version is -1: true
2025-07-17T13:28:39.910+05:30  INFO 16096 --- [account] [           main] com.netflix.discovery.DiscoveryClient    : Getting all instance registry info from the eureka server
2025-07-17T13:28:40.437+05:30  INFO 16096 --- [account] [           main] com.netflix.discovery.DiscoveryClient    : The response status is 200
2025-07-17T13:28:40.439+05:30  INFO 16096 --- [account] [           main] com.netflix.discovery.DiscoveryClient    : Starting heartbeat executor: renew interval is: 30
2025-07-17T13:28:40.441+05:30  INFO 16096 --- [account] [           main] c.n.discovery.InstanceInfoReplicator     : InstanceInfoReplicator onDemand update allowed rate per min is 4
2025-07-17T13:28:40.455+05:30  INFO 16096 --- [account] [           main] com.netflix.discovery.DiscoveryClient    : Discovery Client initialized at timestamp 1752739120452 with initial instances count: 0
2025-07-17T13:28:40.462+05:30  INFO 16096 --- [account] [           main] o.s.c.n.e.s.EurekaServiceRegistry        : Registering application ACCOUNT with eureka with status UP
2025-07-17T13:28:40.463+05:30  INFO 16096 --- [account] [           main] com.netflix.discovery.DiscoveryClient    : Saw local status change event StatusChangeEvent [timestamp=1752739120463, current=UP, previous=STARTING]
2025-07-17T13:28:40.467+05:30  INFO 16096 --- [account] [foReplicator-%d] com.netflix.discovery.DiscoveryClient    : DiscoveryClient_ACCOUNT/host.docker.internal:account:8081: registering service...
2025-07-17T13:28:40.479+05:30  INFO 16096 --- [account] [           main] c.c.account.AccountApplicationTests      : Started AccountApplicationTests in 3.284 seconds (process running for 4.586)
2025-07-17T13:28:40.617+05:30  INFO 16096 --- [account] [foReplicator-%d] com.netflix.discovery.DiscoveryClient    : DiscoveryClient_ACCOUNT/host.docker.internal:account:8081 - registration status: 204
]]></system-out>
    <system-err><![CDATA[Mockito is currently self-attaching to enable the inline-mock-maker. This will no longer work in future releases of the JDK. Please add Mockito as an agent to your build as described in Mockito's documentation: https://javadoc.io/doc/org.mockito/mockito-core/latest/org.mockito/org/mockito/Mockito.html#0.3
WARNING: A Java agent has been loaded dynamically (C:\Users\kmoha\.m2\repository\net\bytebuddy\byte-buddy-agent\1.17.6\byte-buddy-agent-1.17.6.jar)
WARNING: If a serviceability tool is in use, please run with -XX:+EnableDynamicAgentLoading to hide this warning
WARNING: If a serviceability tool is not in use, please run with -Djdk.instrument.traceUsage for more information
WARNING: Dynamic loading of agents will be disallowed by default in a future release
]]></system-err>
  </testcase>
</testsuite>